[0.055s] Invoking command in '/root/ros2_ws/ros2_maze_generator/build/maze_generator': /usr/bin/cmake /root/ros2_ws/ros2_maze_generator/src/maze_generator -DCMAKE_INSTALL_PREFIX=/root/ros2_ws/ros2_maze_generator/install/maze_generator
[0.725s] -- The C compiler identification is GNU 13.3.0
[1.027s] -- The CXX compiler identification is GNU 13.3.0
[1.079s] -- Detecting C compiler ABI info
[1.251s] -- Detecting C compiler ABI info - done
[1.265s] -- Check for working C compiler: /usr/bin/cc - skipped
[1.267s] -- Detecting C compile features
[1.268s] -- Detecting C compile features - done
[1.296s] -- Detecting CXX compiler ABI info
[1.536s] -- Detecting CXX compiler ABI info - done
[1.559s] -- Check for working CXX compiler: /usr/bin/c++ - skipped
[1.559s] -- Detecting CXX compile features
[1.560s] -- Detecting CXX compile features - done
[1.645s] [31mCMake Error at CMakeLists.txt:12 (find_package):
[1.645s]   By not providing "Findament_cmake.cmake" in CMAKE_MODULE_PATH this project
[1.646s]   has asked CMake to find a package configuration file provided by
[1.646s]   "ament_cmake", but CMake did not find one.
[1.646s] 
[1.647s]   Could not find a package configuration file provided by "ament_cmake" with
[1.647s]   any of the following names:
[1.647s] 
[1.647s]     ament_cmakeConfig.cmake
[1.648s]     ament_cmake-config.cmake
[1.648s] 
[1.648s]   Add the installation prefix of "ament_cmake" to CMAKE_PREFIX_PATH or set
[1.648s]   "ament_cmake_DIR" to a directory containing one of the above files.  If
[1.648s]   "ament_cmake" provides a separate development package or SDK, be sure it
[1.649s]   has been installed.
[1.649s] 
[1.649s] [0m
[1.649s] -- Configuring incomplete, errors occurred!
[1.660s] Invoked command in '/root/ros2_ws/ros2_maze_generator/build/maze_generator' returned '1': /usr/bin/cmake /root/ros2_ws/ros2_maze_generator/src/maze_generator -DCMAKE_INSTALL_PREFIX=/root/ros2_ws/ros2_maze_generator/install/maze_generator
