[0.546s] DEBUG:colcon:Command line arguments: ['/usr/bin/colcon', 'build', '--packages-select', 'maze_generator']
[0.546s] DEBUG:colcon:Parsed command line arguments: Namespace(log_base=None, log_level=None, verb_name='build', build_base='build', install_base='install', merge_install=False, symlink_install=False, test_result_base=None, continue_on_error=False, executor='parallel', parallel_workers=16, event_handlers=None, ignore_user_meta=False, metas=['./colcon.meta'], base_paths=['.'], packages_ignore=None, packages_ignore_regex=None, paths=None, packages_up_to=None, packages_up_to_regex=None, packages_above=None, packages_above_and_dependencies=None, packages_above_depth=None, packages_select_by_dep=None, packages_skip_by_dep=None, packages_skip_up_to=None, packages_select_build_failed=False, packages_skip_build_finished=False, packages_select_test_failures=False, packages_skip_test_passed=False, packages_select=['maze_generator'], packages_skip=None, packages_select_regex=None, packages_skip_regex=None, packages_start=None, packages_end=None, cmake_args=None, cmake_target=None, cmake_target_skip_unavailable=False, cmake_clean_cache=False, cmake_clean_first=False, cmake_force_configure=False, ament_cmake_args=None, catkin_cmake_args=None, catkin_skip_building_tests=False, mixin_files=None, mixin=None, verb_parser=<colcon_mixin.mixin.mixin_argument.MixinArgumentDecorator object at 0x7f1cd9a7be60>, verb_extension=<colcon_core.verb.build.BuildVerb object at 0x7f1cd9a7bbf0>, main=<bound method BuildVerb.main of <colcon_core.verb.build.BuildVerb object at 0x7f1cd9a7bbf0>>, mixin_verb=('build',))
[0.598s] Level 1:colcon.colcon_core.package_discovery:discover_packages(colcon_meta) check parameters
[0.599s] INFO:colcon.colcon_metadata.package_discovery.colcon_meta:Using configuration from '/root/.colcon/metadata/default/Gazebo.meta'
[0.599s] INFO:colcon.colcon_metadata.package_discovery.colcon_meta:Using configuration from '/root/.colcon/metadata/default/fastdds.meta'
[0.600s] INFO:colcon.colcon_metadata.package_discovery.colcon_meta:Using configuration from '/root/.colcon/metadata/default/fastrtps.meta'
[0.600s] Level 1:colcon.colcon_core.package_discovery:discover_packages(recursive) check parameters
[0.600s] Level 1:colcon.colcon_core.package_discovery:discover_packages(ignore) check parameters
[0.600s] Level 1:colcon.colcon_core.package_discovery:discover_packages(path) check parameters
[0.600s] Level 1:colcon.colcon_core.package_discovery:discover_packages(colcon_meta) discover
[0.600s] Level 1:colcon.colcon_core.package_discovery:discover_packages(recursive) discover
[0.600s] INFO:colcon.colcon_core.package_discovery:Crawling recursively for packages in '/root/ros2_ws/ros2_maze_generator'
[0.601s] Level 1:colcon.colcon_core.package_identification:_identify(.) by extensions ['ignore', 'ignore_ament_install']
[0.601s] Level 1:colcon.colcon_core.package_identification:_identify(.) by extension 'ignore'
[0.601s] Level 1:colcon.colcon_core.package_identification:_identify(.) by extension 'ignore_ament_install'
[0.601s] Level 1:colcon.colcon_core.package_identification:_identify(.) by extensions ['colcon_pkg']
[0.601s] Level 1:colcon.colcon_core.package_identification:_identify(.) by extension 'colcon_pkg'
[0.601s] Level 1:colcon.colcon_core.package_identification:_identify(.) by extensions ['colcon_meta']
[0.601s] Level 1:colcon.colcon_core.package_identification:_identify(.) by extension 'colcon_meta'
[0.601s] Level 1:colcon.colcon_core.package_identification:_identify(.) by extensions ['ros']
[0.601s] Level 1:colcon.colcon_core.package_identification:_identify(.) by extension 'ros'
[0.652s] Level 1:colcon.colcon_core.package_identification:_identify(.) by extensions ['cmake', 'python']
[0.652s] Level 1:colcon.colcon_core.package_identification:_identify(.) by extension 'cmake'
[0.652s] Level 1:colcon.colcon_core.package_identification:_identify(.) by extension 'python'
[0.652s] Level 1:colcon.colcon_core.package_identification:_identify(.) by extensions ['python_setup_py']
[0.652s] Level 1:colcon.colcon_core.package_identification:_identify(.) by extension 'python_setup_py'
[0.653s] Level 1:colcon.colcon_core.package_identification:_identify(build) by extensions ['ignore', 'ignore_ament_install']
[0.653s] Level 1:colcon.colcon_core.package_identification:_identify(build) by extension 'ignore'
[0.653s] Level 1:colcon.colcon_core.package_identification:_identify(build) ignored
[0.653s] Level 1:colcon.colcon_core.package_identification:_identify(install) by extensions ['ignore', 'ignore_ament_install']
[0.654s] Level 1:colcon.colcon_core.package_identification:_identify(install) by extension 'ignore'
[0.654s] Level 1:colcon.colcon_core.package_identification:_identify(install) ignored
[0.654s] Level 1:colcon.colcon_core.package_identification:_identify(log) by extensions ['ignore', 'ignore_ament_install']
[0.654s] Level 1:colcon.colcon_core.package_identification:_identify(log) by extension 'ignore'
[0.654s] Level 1:colcon.colcon_core.package_identification:_identify(log) ignored
[0.654s] Level 1:colcon.colcon_core.package_identification:_identify(src) by extensions ['ignore', 'ignore_ament_install']
[0.654s] Level 1:colcon.colcon_core.package_identification:_identify(src) by extension 'ignore'
[0.655s] Level 1:colcon.colcon_core.package_identification:_identify(src) by extension 'ignore_ament_install'
[0.655s] Level 1:colcon.colcon_core.package_identification:_identify(src) by extensions ['colcon_pkg']
[0.655s] Level 1:colcon.colcon_core.package_identification:_identify(src) by extension 'colcon_pkg'
[0.655s] Level 1:colcon.colcon_core.package_identification:_identify(src) by extensions ['colcon_meta']
[0.655s] Level 1:colcon.colcon_core.package_identification:_identify(src) by extension 'colcon_meta'
[0.655s] Level 1:colcon.colcon_core.package_identification:_identify(src) by extensions ['ros']
[0.655s] Level 1:colcon.colcon_core.package_identification:_identify(src) by extension 'ros'
[0.655s] Level 1:colcon.colcon_core.package_identification:_identify(src) by extensions ['cmake', 'python']
[0.655s] Level 1:colcon.colcon_core.package_identification:_identify(src) by extension 'cmake'
[0.655s] Level 1:colcon.colcon_core.package_identification:_identify(src) by extension 'python'
[0.655s] Level 1:colcon.colcon_core.package_identification:_identify(src) by extensions ['python_setup_py']
[0.655s] Level 1:colcon.colcon_core.package_identification:_identify(src) by extension 'python_setup_py'
[0.656s] Level 1:colcon.colcon_core.package_identification:_identify(src/maze_generator) by extensions ['ignore', 'ignore_ament_install']
[0.656s] Level 1:colcon.colcon_core.package_identification:_identify(src/maze_generator) by extension 'ignore'
[0.656s] Level 1:colcon.colcon_core.package_identification:_identify(src/maze_generator) by extension 'ignore_ament_install'
[0.656s] Level 1:colcon.colcon_core.package_identification:_identify(src/maze_generator) by extensions ['colcon_pkg']
[0.656s] Level 1:colcon.colcon_core.package_identification:_identify(src/maze_generator) by extension 'colcon_pkg'
[0.656s] Level 1:colcon.colcon_core.package_identification:_identify(src/maze_generator) by extensions ['colcon_meta']
[0.656s] Level 1:colcon.colcon_core.package_identification:_identify(src/maze_generator) by extension 'colcon_meta'
[0.656s] Level 1:colcon.colcon_core.package_identification:_identify(src/maze_generator) by extensions ['ros']
[0.656s] Level 1:colcon.colcon_core.package_identification:_identify(src/maze_generator) by extension 'ros'
[0.663s] DEBUG:colcon.colcon_core.package_identification:Package 'src/maze_generator' with type 'ros.ament_cmake' and name 'maze_generator'
[0.663s] Level 1:colcon.colcon_core.package_discovery:discover_packages(recursive) using defaults
[0.663s] Level 1:colcon.colcon_core.package_discovery:discover_packages(ignore) discover
[0.663s] Level 1:colcon.colcon_core.package_discovery:discover_packages(ignore) using defaults
[0.663s] Level 1:colcon.colcon_core.package_discovery:discover_packages(path) discover
[0.663s] Level 1:colcon.colcon_core.package_discovery:discover_packages(path) using defaults
[0.689s] Level 5:colcon.colcon_core.verb:set package 'maze_generator' build argument 'cmake_args' from command line to 'None'
[0.689s] Level 5:colcon.colcon_core.verb:set package 'maze_generator' build argument 'cmake_target' from command line to 'None'
[0.689s] Level 5:colcon.colcon_core.verb:set package 'maze_generator' build argument 'cmake_target_skip_unavailable' from command line to 'False'
[0.689s] Level 5:colcon.colcon_core.verb:set package 'maze_generator' build argument 'cmake_clean_cache' from command line to 'False'
[0.689s] Level 5:colcon.colcon_core.verb:set package 'maze_generator' build argument 'cmake_clean_first' from command line to 'False'
[0.689s] Level 5:colcon.colcon_core.verb:set package 'maze_generator' build argument 'cmake_force_configure' from command line to 'False'
[0.689s] Level 5:colcon.colcon_core.verb:set package 'maze_generator' build argument 'ament_cmake_args' from command line to 'None'
[0.689s] Level 5:colcon.colcon_core.verb:set package 'maze_generator' build argument 'catkin_cmake_args' from command line to 'None'
[0.689s] Level 5:colcon.colcon_core.verb:set package 'maze_generator' build argument 'catkin_skip_building_tests' from command line to 'False'
[0.689s] DEBUG:colcon.colcon_core.verb:Building package 'maze_generator' with the following arguments: {'ament_cmake_args': None, 'build_base': '/root/ros2_ws/ros2_maze_generator/build/maze_generator', 'catkin_cmake_args': None, 'catkin_skip_building_tests': False, 'cmake_args': None, 'cmake_clean_cache': False, 'cmake_clean_first': False, 'cmake_force_configure': False, 'cmake_target': None, 'cmake_target_skip_unavailable': False, 'install_base': '/root/ros2_ws/ros2_maze_generator/install/maze_generator', 'merge_install': False, 'path': '/root/ros2_ws/ros2_maze_generator/src/maze_generator', 'symlink_install': False, 'test_result_base': None}
[0.689s] INFO:colcon.colcon_core.executor:Executing jobs using 'parallel' executor
[0.691s] DEBUG:colcon.colcon_parallel_executor.executor.parallel:run_until_complete
[0.691s] INFO:colcon.colcon_ros.task.ament_cmake.build:Building ROS package in '/root/ros2_ws/ros2_maze_generator/src/maze_generator' with build type 'ament_cmake'
[0.691s] INFO:colcon.colcon_cmake.task.cmake.build:Building CMake package in '/root/ros2_ws/ros2_maze_generator/src/maze_generator'
[0.694s] INFO:colcon.colcon_core.plugin_system:Skipping extension 'colcon_core.shell.bat': Not used on non-Windows systems
[0.695s] INFO:colcon.colcon_core.shell:Skip shell extension 'powershell' for command environment: Not usable outside of PowerShell
[0.695s] DEBUG:colcon.colcon_core.shell:Skip shell extension 'dsv' for command environment
[0.720s] DEBUG:colcon.colcon_core.event_handler.log_command:Invoking command in '/root/ros2_ws/ros2_maze_generator/build/maze_generator': CMAKE_PREFIX_PATH=${CMAKE_PREFIX_PATH}:/opt/ros/jazzy /usr/bin/cmake /root/ros2_ws/ros2_maze_generator/src/maze_generator -DCMAKE_INSTALL_PREFIX=/root/ros2_ws/ros2_maze_generator/install/maze_generator
[3.665s] DEBUG:colcon.colcon_core.event_handler.log_command:Invoked command in '/root/ros2_ws/ros2_maze_generator/build/maze_generator' returned '0': CMAKE_PREFIX_PATH=${CMAKE_PREFIX_PATH}:/opt/ros/jazzy /usr/bin/cmake /root/ros2_ws/ros2_maze_generator/src/maze_generator -DCMAKE_INSTALL_PREFIX=/root/ros2_ws/ros2_maze_generator/install/maze_generator
[3.667s] DEBUG:colcon.colcon_core.event_handler.log_command:Invoking command in '/root/ros2_ws/ros2_maze_generator/build/maze_generator': CMAKE_PREFIX_PATH=${CMAKE_PREFIX_PATH}:/opt/ros/jazzy /usr/bin/cmake --build /root/ros2_ws/ros2_maze_generator/build/maze_generator -- -j16 -l16
[12.623s] DEBUG:colcon.colcon_core.event_handler.log_command:Invoked command in '/root/ros2_ws/ros2_maze_generator/build/maze_generator' returned '0': CMAKE_PREFIX_PATH=${CMAKE_PREFIX_PATH}:/opt/ros/jazzy /usr/bin/cmake --build /root/ros2_ws/ros2_maze_generator/build/maze_generator -- -j16 -l16
[12.640s] DEBUG:colcon.colcon_core.event_handler.log_command:Invoking command in '/root/ros2_ws/ros2_maze_generator/build/maze_generator': CMAKE_PREFIX_PATH=${CMAKE_PREFIX_PATH}:/opt/ros/jazzy /usr/bin/cmake --install /root/ros2_ws/ros2_maze_generator/build/maze_generator
[12.667s] Level 1:colcon.colcon_core.environment:create_environment_scripts_only(maze_generator)
[12.667s] DEBUG:colcon.colcon_core.event_handler.log_command:Invoked command in '/root/ros2_ws/ros2_maze_generator/build/maze_generator' returned '0': CMAKE_PREFIX_PATH=${CMAKE_PREFIX_PATH}:/opt/ros/jazzy /usr/bin/cmake --install /root/ros2_ws/ros2_maze_generator/build/maze_generator
[12.673s] Level 1:colcon.colcon_core.environment:checking '/root/ros2_ws/ros2_maze_generator/install/maze_generator' for CMake module files
[12.674s] Level 1:colcon.colcon_core.environment:checking '/root/ros2_ws/ros2_maze_generator/install/maze_generator' for CMake config files
[12.674s] Level 1:colcon.colcon_core.shell:create_environment_hook('maze_generator', 'cmake_prefix_path')
[12.675s] INFO:colcon.colcon_core.shell:Creating environment hook '/root/ros2_ws/ros2_maze_generator/install/maze_generator/share/maze_generator/hook/cmake_prefix_path.ps1'
[12.678s] INFO:colcon.colcon_core.shell:Creating environment descriptor '/root/ros2_ws/ros2_maze_generator/install/maze_generator/share/maze_generator/hook/cmake_prefix_path.dsv'
[12.681s] INFO:colcon.colcon_core.shell:Creating environment hook '/root/ros2_ws/ros2_maze_generator/install/maze_generator/share/maze_generator/hook/cmake_prefix_path.sh'
[12.684s] Level 1:colcon.colcon_core.environment:checking '/root/ros2_ws/ros2_maze_generator/install/maze_generator/lib'
[12.685s] Level 1:colcon.colcon_core.environment:checking '/root/ros2_ws/ros2_maze_generator/install/maze_generator/bin'
[12.685s] Level 1:colcon.colcon_core.environment:checking '/root/ros2_ws/ros2_maze_generator/install/maze_generator/lib/pkgconfig/maze_generator.pc'
[12.691s] Level 1:colcon.colcon_core.environment:checking '/root/ros2_ws/ros2_maze_generator/install/maze_generator/lib/python3.12/site-packages'
[12.692s] Level 1:colcon.colcon_core.environment:checking '/root/ros2_ws/ros2_maze_generator/install/maze_generator/bin'
[12.693s] INFO:colcon.colcon_core.shell:Creating package script '/root/ros2_ws/ros2_maze_generator/install/maze_generator/share/maze_generator/package.ps1'
[12.696s] INFO:colcon.colcon_core.shell:Creating package descriptor '/root/ros2_ws/ros2_maze_generator/install/maze_generator/share/maze_generator/package.dsv'
[12.697s] INFO:colcon.colcon_core.shell:Creating package script '/root/ros2_ws/ros2_maze_generator/install/maze_generator/share/maze_generator/package.sh'
[12.698s] INFO:colcon.colcon_core.shell:Creating package script '/root/ros2_ws/ros2_maze_generator/install/maze_generator/share/maze_generator/package.bash'
[12.700s] INFO:colcon.colcon_core.shell:Creating package script '/root/ros2_ws/ros2_maze_generator/install/maze_generator/share/maze_generator/package.zsh'
[12.702s] Level 1:colcon.colcon_core.environment:create_file_with_runtime_dependencies(/root/ros2_ws/ros2_maze_generator/install/maze_generator/share/colcon-core/packages/maze_generator)
[12.703s] Level 1:colcon.colcon_core.environment:create_environment_scripts_only(maze_generator)
[12.704s] Level 1:colcon.colcon_core.environment:checking '/root/ros2_ws/ros2_maze_generator/install/maze_generator' for CMake module files
[12.705s] Level 1:colcon.colcon_core.environment:checking '/root/ros2_ws/ros2_maze_generator/install/maze_generator' for CMake config files
[12.705s] Level 1:colcon.colcon_core.shell:create_environment_hook('maze_generator', 'cmake_prefix_path')
[12.706s] INFO:colcon.colcon_core.shell:Creating environment hook '/root/ros2_ws/ros2_maze_generator/install/maze_generator/share/maze_generator/hook/cmake_prefix_path.ps1'
[12.708s] INFO:colcon.colcon_core.shell:Creating environment descriptor '/root/ros2_ws/ros2_maze_generator/install/maze_generator/share/maze_generator/hook/cmake_prefix_path.dsv'
[12.709s] INFO:colcon.colcon_core.shell:Creating environment hook '/root/ros2_ws/ros2_maze_generator/install/maze_generator/share/maze_generator/hook/cmake_prefix_path.sh'
[12.710s] Level 1:colcon.colcon_core.environment:checking '/root/ros2_ws/ros2_maze_generator/install/maze_generator/lib'
[12.710s] Level 1:colcon.colcon_core.environment:checking '/root/ros2_ws/ros2_maze_generator/install/maze_generator/bin'
[12.710s] Level 1:colcon.colcon_core.environment:checking '/root/ros2_ws/ros2_maze_generator/install/maze_generator/lib/pkgconfig/maze_generator.pc'
[12.711s] Level 1:colcon.colcon_core.environment:checking '/root/ros2_ws/ros2_maze_generator/install/maze_generator/lib/python3.12/site-packages'
[12.712s] Level 1:colcon.colcon_core.environment:checking '/root/ros2_ws/ros2_maze_generator/install/maze_generator/bin'
[12.713s] INFO:colcon.colcon_core.shell:Creating package script '/root/ros2_ws/ros2_maze_generator/install/maze_generator/share/maze_generator/package.ps1'
[12.715s] INFO:colcon.colcon_core.shell:Creating package descriptor '/root/ros2_ws/ros2_maze_generator/install/maze_generator/share/maze_generator/package.dsv'
[12.716s] INFO:colcon.colcon_core.shell:Creating package script '/root/ros2_ws/ros2_maze_generator/install/maze_generator/share/maze_generator/package.sh'
[12.717s] INFO:colcon.colcon_core.shell:Creating package script '/root/ros2_ws/ros2_maze_generator/install/maze_generator/share/maze_generator/package.bash'
[12.718s] INFO:colcon.colcon_core.shell:Creating package script '/root/ros2_ws/ros2_maze_generator/install/maze_generator/share/maze_generator/package.zsh'
[12.719s] Level 1:colcon.colcon_core.environment:create_file_with_runtime_dependencies(/root/ros2_ws/ros2_maze_generator/install/maze_generator/share/colcon-core/packages/maze_generator)
[12.719s] DEBUG:colcon.colcon_parallel_executor.executor.parallel:closing loop
[12.720s] DEBUG:colcon.colcon_parallel_executor.executor.parallel:loop closed
[12.720s] DEBUG:colcon.colcon_parallel_executor.executor.parallel:run_until_complete finished with '0'
[12.723s] DEBUG:colcon.colcon_core.event_reactor:joining thread
[12.747s] INFO:colcon.colcon_core.plugin_system:Skipping extension 'colcon_notification.desktop_notification.notify_send': Could not find 'notify-send'
[12.747s] INFO:colcon.colcon_core.plugin_system:Skipping extension 'colcon_notification.desktop_notification.terminal_notifier': Not used on non-Darwin systems
[12.747s] INFO:colcon.colcon_core.plugin_system:Skipping extension 'colcon_notification.desktop_notification.win32': Not used on non-Windows systems
[12.747s] INFO:colcon.colcon_notification.desktop_notification:Sending desktop notification using 'notify2'
[12.747s] DEBUG:colcon.colcon_notification.desktop_notification.notify2:Failed to initialize notify2: org.freedesktop.DBus.Error.NotSupported: Unable to autolaunch a dbus-daemon without a $DISPLAY for X11
[12.748s] DEBUG:colcon.colcon_core.event_reactor:joined thread
[12.748s] INFO:colcon.colcon_core.shell:Creating prefix script '/root/ros2_ws/ros2_maze_generator/install/local_setup.ps1'
[12.750s] INFO:colcon.colcon_core.shell:Creating prefix util module '/root/ros2_ws/ros2_maze_generator/install/_local_setup_util_ps1.py'
[12.753s] INFO:colcon.colcon_core.shell:Creating prefix chain script '/root/ros2_ws/ros2_maze_generator/install/setup.ps1'
[12.757s] INFO:colcon.colcon_core.shell:Creating prefix script '/root/ros2_ws/ros2_maze_generator/install/local_setup.sh'
[12.758s] INFO:colcon.colcon_core.shell:Creating prefix util module '/root/ros2_ws/ros2_maze_generator/install/_local_setup_util_sh.py'
[12.759s] INFO:colcon.colcon_core.shell:Creating prefix chain script '/root/ros2_ws/ros2_maze_generator/install/setup.sh'
[12.760s] INFO:colcon.colcon_core.shell:Creating prefix script '/root/ros2_ws/ros2_maze_generator/install/local_setup.bash'
[12.761s] INFO:colcon.colcon_core.shell:Creating prefix chain script '/root/ros2_ws/ros2_maze_generator/install/setup.bash'
[12.762s] INFO:colcon.colcon_core.shell:Creating prefix script '/root/ros2_ws/ros2_maze_generator/install/local_setup.zsh'
[12.763s] INFO:colcon.colcon_core.shell:Creating prefix chain script '/root/ros2_ws/ros2_maze_generator/install/setup.zsh'
