[0.847s] DEBUG:colcon:Command line arguments: ['/usr/bin/colcon', 'build', '--packages-select', 'maze_generator']
[0.847s] DEBUG:colcon:Parsed command line arguments: Namespace(log_base=None, log_level=None, verb_name='build', build_base='build', install_base='install', merge_install=False, symlink_install=False, test_result_base=None, continue_on_error=False, executor='parallel', parallel_workers=16, event_handlers=None, ignore_user_meta=False, metas=['./colcon.meta'], base_paths=['.'], packages_ignore=None, packages_ignore_regex=None, paths=None, packages_up_to=None, packages_up_to_regex=None, packages_above=None, packages_above_and_dependencies=None, packages_above_depth=None, packages_select_by_dep=None, packages_skip_by_dep=None, packages_skip_up_to=None, packages_select_build_failed=False, packages_skip_build_finished=False, packages_select_test_failures=False, packages_skip_test_passed=False, packages_select=['maze_generator'], packages_skip=None, packages_select_regex=None, packages_skip_regex=None, packages_start=None, packages_end=None, cmake_args=None, cmake_target=None, cmake_target_skip_unavailable=False, cmake_clean_cache=False, cmake_clean_first=False, cmake_force_configure=False, ament_cmake_args=None, catkin_cmake_args=None, catkin_skip_building_tests=False, mixin_files=None, mixin=None, verb_parser=<colcon_mixin.mixin.mixin_argument.MixinArgumentDecorator object at 0x7fe11cfe27e0>, verb_extension=<colcon_core.verb.build.BuildVerb object at 0x7fe11cfe24e0>, main=<bound method BuildVerb.main of <colcon_core.verb.build.BuildVerb object at 0x7fe11cfe24e0>>, mixin_verb=('build',))
[1.120s] Level 1:colcon.colcon_core.package_discovery:discover_packages(colcon_meta) check parameters
[1.123s] INFO:colcon.colcon_metadata.package_discovery.colcon_meta:Using configuration from '/root/.colcon/metadata/default/Gazebo.meta'
[1.125s] INFO:colcon.colcon_metadata.package_discovery.colcon_meta:Using configuration from '/root/.colcon/metadata/default/fastdds.meta'
[1.126s] INFO:colcon.colcon_metadata.package_discovery.colcon_meta:Using configuration from '/root/.colcon/metadata/default/fastrtps.meta'
[1.126s] Level 1:colcon.colcon_core.package_discovery:discover_packages(recursive) check parameters
[1.126s] Level 1:colcon.colcon_core.package_discovery:discover_packages(ignore) check parameters
[1.126s] Level 1:colcon.colcon_core.package_discovery:discover_packages(path) check parameters
[1.126s] Level 1:colcon.colcon_core.package_discovery:discover_packages(colcon_meta) discover
[1.127s] Level 1:colcon.colcon_core.package_discovery:discover_packages(recursive) discover
[1.127s] INFO:colcon.colcon_core.package_discovery:Crawling recursively for packages in '/root/ros2_ws/ros2_maze_generator'
[1.127s] Level 1:colcon.colcon_core.package_identification:_identify(.) by extensions ['ignore', 'ignore_ament_install']
[1.127s] Level 1:colcon.colcon_core.package_identification:_identify(.) by extension 'ignore'
[1.127s] Level 1:colcon.colcon_core.package_identification:_identify(.) by extension 'ignore_ament_install'
[1.127s] Level 1:colcon.colcon_core.package_identification:_identify(.) by extensions ['colcon_pkg']
[1.127s] Level 1:colcon.colcon_core.package_identification:_identify(.) by extension 'colcon_pkg'
[1.128s] Level 1:colcon.colcon_core.package_identification:_identify(.) by extensions ['colcon_meta']
[1.128s] Level 1:colcon.colcon_core.package_identification:_identify(.) by extension 'colcon_meta'
[1.128s] Level 1:colcon.colcon_core.package_identification:_identify(.) by extensions ['ros']
[1.128s] Level 1:colcon.colcon_core.package_identification:_identify(.) by extension 'ros'
[1.213s] Level 1:colcon.colcon_core.package_identification:_identify(.) by extensions ['cmake', 'python']
[1.214s] Level 1:colcon.colcon_core.package_identification:_identify(.) by extension 'cmake'
[1.214s] Level 1:colcon.colcon_core.package_identification:_identify(.) by extension 'python'
[1.214s] Level 1:colcon.colcon_core.package_identification:_identify(.) by extensions ['python_setup_py']
[1.214s] Level 1:colcon.colcon_core.package_identification:_identify(.) by extension 'python_setup_py'
[1.214s] Level 1:colcon.colcon_core.package_identification:_identify(build) by extensions ['ignore', 'ignore_ament_install']
[1.214s] Level 1:colcon.colcon_core.package_identification:_identify(build) by extension 'ignore'
[1.215s] Level 1:colcon.colcon_core.package_identification:_identify(build) ignored
[1.215s] Level 1:colcon.colcon_core.package_identification:_identify(install) by extensions ['ignore', 'ignore_ament_install']
[1.215s] Level 1:colcon.colcon_core.package_identification:_identify(install) by extension 'ignore'
[1.215s] Level 1:colcon.colcon_core.package_identification:_identify(install) ignored
[1.215s] Level 1:colcon.colcon_core.package_identification:_identify(log) by extensions ['ignore', 'ignore_ament_install']
[1.215s] Level 1:colcon.colcon_core.package_identification:_identify(log) by extension 'ignore'
[1.215s] Level 1:colcon.colcon_core.package_identification:_identify(log) ignored
[1.216s] Level 1:colcon.colcon_core.package_identification:_identify(src) by extensions ['ignore', 'ignore_ament_install']
[1.216s] Level 1:colcon.colcon_core.package_identification:_identify(src) by extension 'ignore'
[1.216s] Level 1:colcon.colcon_core.package_identification:_identify(src) by extension 'ignore_ament_install'
[1.216s] Level 1:colcon.colcon_core.package_identification:_identify(src) by extensions ['colcon_pkg']
[1.217s] Level 1:colcon.colcon_core.package_identification:_identify(src) by extension 'colcon_pkg'
[1.217s] Level 1:colcon.colcon_core.package_identification:_identify(src) by extensions ['colcon_meta']
[1.217s] Level 1:colcon.colcon_core.package_identification:_identify(src) by extension 'colcon_meta'
[1.217s] Level 1:colcon.colcon_core.package_identification:_identify(src) by extensions ['ros']
[1.217s] Level 1:colcon.colcon_core.package_identification:_identify(src) by extension 'ros'
[1.217s] Level 1:colcon.colcon_core.package_identification:_identify(src) by extensions ['cmake', 'python']
[1.217s] Level 1:colcon.colcon_core.package_identification:_identify(src) by extension 'cmake'
[1.217s] Level 1:colcon.colcon_core.package_identification:_identify(src) by extension 'python'
[1.217s] Level 1:colcon.colcon_core.package_identification:_identify(src) by extensions ['python_setup_py']
[1.217s] Level 1:colcon.colcon_core.package_identification:_identify(src) by extension 'python_setup_py'
[1.218s] Level 1:colcon.colcon_core.package_identification:_identify(src/maze_generator) by extensions ['ignore', 'ignore_ament_install']
[1.218s] Level 1:colcon.colcon_core.package_identification:_identify(src/maze_generator) by extension 'ignore'
[1.218s] Level 1:colcon.colcon_core.package_identification:_identify(src/maze_generator) by extension 'ignore_ament_install'
[1.218s] Level 1:colcon.colcon_core.package_identification:_identify(src/maze_generator) by extensions ['colcon_pkg']
[1.218s] Level 1:colcon.colcon_core.package_identification:_identify(src/maze_generator) by extension 'colcon_pkg'
[1.218s] Level 1:colcon.colcon_core.package_identification:_identify(src/maze_generator) by extensions ['colcon_meta']
[1.218s] Level 1:colcon.colcon_core.package_identification:_identify(src/maze_generator) by extension 'colcon_meta'
[1.218s] Level 1:colcon.colcon_core.package_identification:_identify(src/maze_generator) by extensions ['ros']
[1.218s] Level 1:colcon.colcon_core.package_identification:_identify(src/maze_generator) by extension 'ros'
[1.226s] DEBUG:colcon.colcon_core.package_identification:Package 'src/maze_generator' with type 'ros.ament_cmake' and name 'maze_generator'
[1.226s] Level 1:colcon.colcon_core.package_discovery:discover_packages(recursive) using defaults
[1.226s] Level 1:colcon.colcon_core.package_discovery:discover_packages(ignore) discover
[1.227s] Level 1:colcon.colcon_core.package_discovery:discover_packages(ignore) using defaults
[1.227s] Level 1:colcon.colcon_core.package_discovery:discover_packages(path) discover
[1.227s] Level 1:colcon.colcon_core.package_discovery:discover_packages(path) using defaults
[1.298s] Level 5:colcon.colcon_core.verb:set package 'maze_generator' build argument 'cmake_args' from command line to 'None'
[1.299s] Level 5:colcon.colcon_core.verb:set package 'maze_generator' build argument 'cmake_target' from command line to 'None'
[1.299s] Level 5:colcon.colcon_core.verb:set package 'maze_generator' build argument 'cmake_target_skip_unavailable' from command line to 'False'
[1.299s] Level 5:colcon.colcon_core.verb:set package 'maze_generator' build argument 'cmake_clean_cache' from command line to 'False'
[1.299s] Level 5:colcon.colcon_core.verb:set package 'maze_generator' build argument 'cmake_clean_first' from command line to 'False'
[1.299s] Level 5:colcon.colcon_core.verb:set package 'maze_generator' build argument 'cmake_force_configure' from command line to 'False'
[1.299s] Level 5:colcon.colcon_core.verb:set package 'maze_generator' build argument 'ament_cmake_args' from command line to 'None'
[1.299s] Level 5:colcon.colcon_core.verb:set package 'maze_generator' build argument 'catkin_cmake_args' from command line to 'None'
[1.299s] Level 5:colcon.colcon_core.verb:set package 'maze_generator' build argument 'catkin_skip_building_tests' from command line to 'False'
[1.299s] DEBUG:colcon.colcon_core.verb:Building package 'maze_generator' with the following arguments: {'ament_cmake_args': None, 'build_base': '/root/ros2_ws/ros2_maze_generator/build/maze_generator', 'catkin_cmake_args': None, 'catkin_skip_building_tests': False, 'cmake_args': None, 'cmake_clean_cache': False, 'cmake_clean_first': False, 'cmake_force_configure': False, 'cmake_target': None, 'cmake_target_skip_unavailable': False, 'install_base': '/root/ros2_ws/ros2_maze_generator/install/maze_generator', 'merge_install': False, 'path': '/root/ros2_ws/ros2_maze_generator/src/maze_generator', 'symlink_install': False, 'test_result_base': None}
[1.299s] INFO:colcon.colcon_core.executor:Executing jobs using 'parallel' executor
[1.302s] DEBUG:colcon.colcon_parallel_executor.executor.parallel:run_until_complete
[1.303s] INFO:colcon.colcon_ros.task.ament_cmake.build:Building ROS package in '/root/ros2_ws/ros2_maze_generator/src/maze_generator' with build type 'ament_cmake'
[1.303s] INFO:colcon.colcon_cmake.task.cmake.build:Building CMake package in '/root/ros2_ws/ros2_maze_generator/src/maze_generator'
[1.324s] INFO:colcon.colcon_core.plugin_system:Skipping extension 'colcon_core.shell.bat': Not used on non-Windows systems
[1.324s] INFO:colcon.colcon_core.shell:Skip shell extension 'powershell' for command environment: Not usable outside of PowerShell
[1.324s] DEBUG:colcon.colcon_core.shell:Skip shell extension 'dsv' for command environment
[1.360s] DEBUG:colcon.colcon_core.event_handler.log_command:Invoking command in '/root/ros2_ws/ros2_maze_generator/build/maze_generator': /usr/bin/cmake /root/ros2_ws/ros2_maze_generator/src/maze_generator -DCMAKE_INSTALL_PREFIX=/root/ros2_ws/ros2_maze_generator/install/maze_generator
[2.964s] DEBUG:colcon.colcon_core.event_handler.log_command:Invoked command in '/root/ros2_ws/ros2_maze_generator/build/maze_generator' returned '1': /usr/bin/cmake /root/ros2_ws/ros2_maze_generator/src/maze_generator -DCMAKE_INSTALL_PREFIX=/root/ros2_ws/ros2_maze_generator/install/maze_generator
[2.988s] Level 1:colcon.colcon_core.environment:create_environment_scripts_only(maze_generator)
[3.018s] Level 1:colcon.colcon_core.environment:checking '/root/ros2_ws/ros2_maze_generator/install/maze_generator' for CMake module files
[3.020s] Level 1:colcon.colcon_core.environment:checking '/root/ros2_ws/ros2_maze_generator/install/maze_generator' for CMake config files
[3.021s] Level 1:colcon.colcon_core.environment:checking '/root/ros2_ws/ros2_maze_generator/install/maze_generator/bin'
[3.021s] Level 1:colcon.colcon_core.environment:checking '/root/ros2_ws/ros2_maze_generator/install/maze_generator/lib/pkgconfig/maze_generator.pc'
[3.027s] Level 1:colcon.colcon_core.environment:checking '/root/ros2_ws/ros2_maze_generator/install/maze_generator/lib/python3.12/site-packages'
[3.029s] Level 1:colcon.colcon_core.environment:checking '/root/ros2_ws/ros2_maze_generator/install/maze_generator/bin'
[3.030s] INFO:colcon.colcon_core.shell:Creating package script '/root/ros2_ws/ros2_maze_generator/install/maze_generator/share/maze_generator/package.ps1'
[3.036s] INFO:colcon.colcon_core.shell:Creating package descriptor '/root/ros2_ws/ros2_maze_generator/install/maze_generator/share/maze_generator/package.dsv'
[3.039s] INFO:colcon.colcon_core.shell:Creating package script '/root/ros2_ws/ros2_maze_generator/install/maze_generator/share/maze_generator/package.sh'
[3.042s] INFO:colcon.colcon_core.shell:Creating package script '/root/ros2_ws/ros2_maze_generator/install/maze_generator/share/maze_generator/package.bash'
[3.046s] INFO:colcon.colcon_core.shell:Creating package script '/root/ros2_ws/ros2_maze_generator/install/maze_generator/share/maze_generator/package.zsh'
[3.051s] Level 1:colcon.colcon_core.environment:create_file_with_runtime_dependencies(/root/ros2_ws/ros2_maze_generator/install/maze_generator/share/colcon-core/packages/maze_generator)
[3.064s] DEBUG:colcon.colcon_parallel_executor.executor.parallel:closing loop
[3.064s] DEBUG:colcon.colcon_parallel_executor.executor.parallel:loop closed
[3.064s] DEBUG:colcon.colcon_parallel_executor.executor.parallel:run_until_complete finished with '1'
[3.064s] DEBUG:colcon.colcon_core.event_reactor:joining thread
[3.130s] INFO:colcon.colcon_core.plugin_system:Skipping extension 'colcon_notification.desktop_notification.notify_send': Could not find 'notify-send'
[3.130s] INFO:colcon.colcon_core.plugin_system:Skipping extension 'colcon_notification.desktop_notification.terminal_notifier': Not used on non-Darwin systems
[3.130s] INFO:colcon.colcon_core.plugin_system:Skipping extension 'colcon_notification.desktop_notification.win32': Not used on non-Windows systems
[3.130s] INFO:colcon.colcon_notification.desktop_notification:Sending desktop notification using 'notify2'
[3.130s] DEBUG:colcon.colcon_notification.desktop_notification.notify2:Failed to initialize notify2: org.freedesktop.DBus.Error.NotSupported: Unable to autolaunch a dbus-daemon without a $DISPLAY for X11
[3.130s] DEBUG:colcon.colcon_core.event_reactor:joined thread
[3.130s] INFO:colcon.colcon_core.shell:Creating prefix script '/root/ros2_ws/ros2_maze_generator/install/local_setup.ps1'
[3.132s] INFO:colcon.colcon_core.shell:Creating prefix util module '/root/ros2_ws/ros2_maze_generator/install/_local_setup_util_ps1.py'
[3.134s] INFO:colcon.colcon_core.shell:Creating prefix chain script '/root/ros2_ws/ros2_maze_generator/install/setup.ps1'
[3.136s] INFO:colcon.colcon_core.shell:Creating prefix script '/root/ros2_ws/ros2_maze_generator/install/local_setup.sh'
[3.137s] INFO:colcon.colcon_core.shell:Creating prefix util module '/root/ros2_ws/ros2_maze_generator/install/_local_setup_util_sh.py'
[3.138s] INFO:colcon.colcon_core.shell:Creating prefix chain script '/root/ros2_ws/ros2_maze_generator/install/setup.sh'
[3.140s] INFO:colcon.colcon_core.shell:Creating prefix script '/root/ros2_ws/ros2_maze_generator/install/local_setup.bash'
[3.142s] INFO:colcon.colcon_core.shell:Creating prefix chain script '/root/ros2_ws/ros2_maze_generator/install/setup.bash'
[3.143s] INFO:colcon.colcon_core.shell:Creating prefix script '/root/ros2_ws/ros2_maze_generator/install/local_setup.zsh'
[3.144s] INFO:colcon.colcon_core.shell:Creating prefix chain script '/root/ros2_ws/ros2_maze_generator/install/setup.zsh'
