-- Found ament_cmake: 2.5.6 (/opt/ros/jazzy/share/ament_cmake/cmake)
-- Found Python3: /usr/bin/python3 (found version "3.12.3") found components: Interpreter 
-- Found rclcpp: 28.1.18 (/opt/ros/jazzy/share/rclcpp/cmake)
-- Found rosidl_generator_c: 4.6.7 (/opt/ros/jazzy/share/rosidl_generator_c/cmake)
-- Found rosidl_generator_cpp: 4.6.7 (/opt/ros/jazzy/share/rosidl_generator_cpp/cmake)
-- Using all available rosidl_typesupport_c: rosidl_typesupport_fastrtps_c;rosidl_typesupport_introspection_c
-- Using all available rosidl_typesupport_cpp: rosidl_typesupport_fastrtps_cpp;rosidl_typesupport_introspection_cpp
-- Found rmw_implementation_cmake: 7.3.3 (/opt/ros/jazzy/share/rmw_implementation_cmake/cmake)
-- Found rmw_fastrtps_cpp: 8.4.3 (/opt/ros/jazzy/share/rmw_fastrtps_cpp/cmake)
-- Found OpenSSL: /usr/lib/x86_64-linux-gnu/libcrypto.so (found version "3.0.13")  
-- Found FastRTPS: /opt/ros/jazzy/include (Required is at least version "2.13") 
-- Using RMW implementation 'rmw_fastrtps_cpp' as default
-- Found std_msgs: 5.3.7 (/opt/ros/jazzy/share/std_msgs/cmake)
-- Found geometry_msgs: 5.3.7 (/opt/ros/jazzy/share/geometry_msgs/cmake)
-- Found nav_msgs: 5.3.7 (/opt/ros/jazzy/share/nav_msgs/cmake)
-- Found ament_lint_auto: 0.17.5 (/opt/ros/jazzy/share/ament_lint_auto/cmake)
-- Added test 'cppcheck' to perform static code analysis on C / C++ code
-- Configured cppcheck include dirs: /root/ros2_ws/ros2_maze_generator/src/maze_generator/include
-- Configured cppcheck exclude dirs and/or files: 
-- Added test 'flake8' to check Python code syntax and style conventions
-- Configured 'flake8' exclude dirs and/or files: 
-- Added test 'lint_cmake' to check CMake code style
-- Added test 'pep257' to check Python code against some of the docstring style conventions in PEP 257
-- Added test 'uncrustify' to check C / C++ code style
-- Configured uncrustify additional arguments: 
-- Added test 'xmllint' to check XML markup files
-- Configuring done (2.8s)
-- Generating done (0.0s)
-- Build files have been written to: /root/ros2_ws/ros2_maze_generator/build/maze_generator
[  9%] [32mBuilding CXX object CMakeFiles/maze_file_generator.dir/src/maze_generator.cpp.o[0m
[ 18%] [32mBuilding CXX object CMakeFiles/maze_file_generator.dir/src/maze_writer.cpp.o[0m
[ 27%] [32mBuilding CXX object CMakeFiles/maze_file_generator.dir/src/maze_parser.cpp.o[0m
[ 36%] [32mBuilding CXX object CMakeFiles/maze_node.dir/src/maze_node.cpp.o[0m
[ 45%] [32mBuilding CXX object CMakeFiles/maze_file_generator.dir/src/generate_maze.cpp.o[0m
[ 54%] [32mBuilding CXX object CMakeFiles/maze_node.dir/src/maze_parser.cpp.o[0m
[ 72%] [32mBuilding CXX object CMakeFiles/maze_node.dir/src/maze_writer.cpp.o[0m
[ 72%] [32mBuilding CXX object CMakeFiles/maze_node.dir/src/maze_generator.cpp.o[0m
[ 81%] [32mBuilding CXX object CMakeFiles/maze_node.dir/src/maze_to_map.cpp.o[0m
[ 90%] [32m[1mLinking CXX executable maze_file_generator[0m
[ 90%] Built target maze_file_generator
[100%] [32m[1mLinking CXX executable maze_node[0m
[100%] Built target maze_node
-- Install configuration: ""
-- Installing: /root/ros2_ws/ros2_maze_generator/install/maze_generator/lib/maze_generator/maze_node
-- Set non-toolchain portion of runtime path of "/root/ros2_ws/ros2_maze_generator/install/maze_generator/lib/maze_generator/maze_node" to ""
-- Installing: /root/ros2_ws/ros2_maze_generator/install/maze_generator/lib/maze_generator/maze_file_generator
-- Installing: /root/ros2_ws/ros2_maze_generator/install/maze_generator/share/maze_generator/launch
-- Installing: /root/ros2_ws/ros2_maze_generator/install/maze_generator/share/maze_generator/launch/new_maze.launch.py
-- Installing: /root/ros2_ws/ros2_maze_generator/install/maze_generator/share/ament_index/resource_index/package_run_dependencies/maze_generator
-- Installing: /root/ros2_ws/ros2_maze_generator/install/maze_generator/share/ament_index/resource_index/parent_prefix_path/maze_generator
-- Installing: /root/ros2_ws/ros2_maze_generator/install/maze_generator/share/maze_generator/environment/ament_prefix_path.sh
-- Installing: /root/ros2_ws/ros2_maze_generator/install/maze_generator/share/maze_generator/environment/ament_prefix_path.dsv
-- Installing: /root/ros2_ws/ros2_maze_generator/install/maze_generator/share/maze_generator/environment/path.sh
-- Installing: /root/ros2_ws/ros2_maze_generator/install/maze_generator/share/maze_generator/environment/path.dsv
-- Installing: /root/ros2_ws/ros2_maze_generator/install/maze_generator/share/maze_generator/local_setup.bash
-- Installing: /root/ros2_ws/ros2_maze_generator/install/maze_generator/share/maze_generator/local_setup.sh
-- Installing: /root/ros2_ws/ros2_maze_generator/install/maze_generator/share/maze_generator/local_setup.zsh
-- Installing: /root/ros2_ws/ros2_maze_generator/install/maze_generator/share/maze_generator/local_setup.dsv
-- Installing: /root/ros2_ws/ros2_maze_generator/install/maze_generator/share/maze_generator/package.dsv
-- Installing: /root/ros2_ws/ros2_maze_generator/install/maze_generator/share/ament_index/resource_index/packages/maze_generator
-- Installing: /root/ros2_ws/ros2_maze_generator/install/maze_generator/share/maze_generator/cmake/maze_generatorConfig.cmake
-- Installing: /root/ros2_ws/ros2_maze_generator/install/maze_generator/share/maze_generator/cmake/maze_generatorConfig-version.cmake
-- Installing: /root/ros2_ws/ros2_maze_generator/install/maze_generator/share/maze_generator/package.xml
