[0.027s] Invoking command in '/root/ros2_ws/ros2_maze_generator/build/maze_generator': CMAKE_PREFIX_PATH=${CMAKE_PREFIX_PATH}:/opt/ros/jazzy /usr/bin/cmake /root/ros2_ws/ros2_maze_generator/src/maze_generator -DCMAKE_INSTALL_PREFIX=/root/ros2_ws/ros2_maze_generator/install/maze_generator
[0.145s] -- Found ament_cmake: 2.5.6 (/opt/ros/jazzy/share/ament_cmake/cmake)
[0.518s] -- Found Python3: /usr/bin/python3 (found version "3.12.3") found components: Interpreter 
[0.818s] -- Found rclcpp: 28.1.18 (/opt/ros/jazzy/share/rclcpp/cmake)
[1.020s] -- Found rosidl_generator_c: 4.6.7 (/opt/ros/jazzy/share/rosidl_generator_c/cmake)
[1.070s] -- Found rosidl_generator_cpp: 4.6.7 (/opt/ros/jazzy/share/rosidl_generator_cpp/cmake)
[1.173s] -- Using all available rosidl_typesupport_c: rosidl_typesupport_fastrtps_c;rosidl_typesupport_introspection_c
[1.253s] -- Using all available rosidl_typesupport_cpp: rosidl_typesupport_fastrtps_cpp;rosidl_typesupport_introspection_cpp
[1.625s] -- Found rmw_implementation_cmake: 7.3.3 (/opt/ros/jazzy/share/rmw_implementation_cmake/cmake)
[1.643s] -- Found rmw_fastrtps_cpp: 8.4.3 (/opt/ros/jazzy/share/rmw_fastrtps_cpp/cmake)
[1.876s] -- Found OpenSSL: /usr/lib/x86_64-linux-gnu/libcrypto.so (found version "3.0.13")  
[1.923s] -- Found FastRTPS: /opt/ros/jazzy/include (Required is at least version "2.13") 
[1.974s] -- Using RMW implementation 'rmw_fastrtps_cpp' as default
[2.259s] -- Found std_msgs: 5.3.7 (/opt/ros/jazzy/share/std_msgs/cmake)
[2.310s] -- Found geometry_msgs: 5.3.7 (/opt/ros/jazzy/share/geometry_msgs/cmake)
[2.384s] -- Found nav_msgs: 5.3.7 (/opt/ros/jazzy/share/nav_msgs/cmake)
[2.503s] -- Found ament_lint_auto: 0.17.5 (/opt/ros/jazzy/share/ament_lint_auto/cmake)
[2.858s] -- Added test 'cppcheck' to perform static code analysis on C / C++ code
[2.859s] -- Configured cppcheck include dirs: /root/ros2_ws/ros2_maze_generator/src/maze_generator/include
[2.859s] -- Configured cppcheck exclude dirs and/or files: 
[2.863s] -- Added test 'flake8' to check Python code syntax and style conventions
[2.863s] -- Configured 'flake8' exclude dirs and/or files: 
[2.868s] -- Added test 'lint_cmake' to check CMake code style
[2.872s] -- Added test 'pep257' to check Python code against some of the docstring style conventions in PEP 257
[2.876s] -- Added test 'uncrustify' to check C / C++ code style
[2.876s] -- Configured uncrustify additional arguments: 
[2.883s] -- Added test 'xmllint' to check XML markup files
[2.891s] -- Configuring done (2.8s)
[2.942s] -- Generating done (0.0s)
[2.958s] -- Build files have been written to: /root/ros2_ws/ros2_maze_generator/build/maze_generator
[2.973s] Invoked command in '/root/ros2_ws/ros2_maze_generator/build/maze_generator' returned '0': CMAKE_PREFIX_PATH=${CMAKE_PREFIX_PATH}:/opt/ros/jazzy /usr/bin/cmake /root/ros2_ws/ros2_maze_generator/src/maze_generator -DCMAKE_INSTALL_PREFIX=/root/ros2_ws/ros2_maze_generator/install/maze_generator
[2.975s] Invoking command in '/root/ros2_ws/ros2_maze_generator/build/maze_generator': CMAKE_PREFIX_PATH=${CMAKE_PREFIX_PATH}:/opt/ros/jazzy /usr/bin/cmake --build /root/ros2_ws/ros2_maze_generator/build/maze_generator -- -j16 -l16
[3.053s] [  9%] [32mBuilding CXX object CMakeFiles/maze_file_generator.dir/src/maze_generator.cpp.o[0m
[3.055s] [ 18%] [32mBuilding CXX object CMakeFiles/maze_file_generator.dir/src/maze_writer.cpp.o[0m
[3.057s] [ 27%] [32mBuilding CXX object CMakeFiles/maze_file_generator.dir/src/maze_parser.cpp.o[0m
[3.058s] [ 36%] [32mBuilding CXX object CMakeFiles/maze_node.dir/src/maze_node.cpp.o[0m
[3.060s] [ 45%] [32mBuilding CXX object CMakeFiles/maze_file_generator.dir/src/generate_maze.cpp.o[0m
[3.060s] [ 54%] [32mBuilding CXX object CMakeFiles/maze_node.dir/src/maze_parser.cpp.o[0m
[3.063s] [ 72%] [32mBuilding CXX object CMakeFiles/maze_node.dir/src/maze_writer.cpp.o[0m
[3.064s] [ 72%] [32mBuilding CXX object CMakeFiles/maze_node.dir/src/maze_generator.cpp.o[0m
[3.066s] [ 81%] [32mBuilding CXX object CMakeFiles/maze_node.dir/src/maze_to_map.cpp.o[0m
[4.258s] [ 90%] [32m[1mLinking CXX executable maze_file_generator[0m
[4.361s] [ 90%] Built target maze_file_generator
[10.610s] [100%] [32m[1mLinking CXX executable maze_node[0m
[11.176s] [100%] Built target maze_node
[11.191s] Invoked command in '/root/ros2_ws/ros2_maze_generator/build/maze_generator' returned '0': CMAKE_PREFIX_PATH=${CMAKE_PREFIX_PATH}:/opt/ros/jazzy /usr/bin/cmake --build /root/ros2_ws/ros2_maze_generator/build/maze_generator -- -j16 -l16
[11.208s] Invoking command in '/root/ros2_ws/ros2_maze_generator/build/maze_generator': CMAKE_PREFIX_PATH=${CMAKE_PREFIX_PATH}:/opt/ros/jazzy /usr/bin/cmake --install /root/ros2_ws/ros2_maze_generator/build/maze_generator
[11.217s] -- Install configuration: ""
[11.218s] -- Installing: /root/ros2_ws/ros2_maze_generator/install/maze_generator/lib/maze_generator/maze_node
[11.220s] -- Set non-toolchain portion of runtime path of "/root/ros2_ws/ros2_maze_generator/install/maze_generator/lib/maze_generator/maze_node" to ""
[11.220s] -- Installing: /root/ros2_ws/ros2_maze_generator/install/maze_generator/lib/maze_generator/maze_file_generator
[11.221s] -- Installing: /root/ros2_ws/ros2_maze_generator/install/maze_generator/share/maze_generator/launch
[11.221s] -- Installing: /root/ros2_ws/ros2_maze_generator/install/maze_generator/share/maze_generator/launch/new_maze.launch.py
[11.225s] -- Installing: /root/ros2_ws/ros2_maze_generator/install/maze_generator/share/ament_index/resource_index/package_run_dependencies/maze_generator
[11.226s] -- Installing: /root/ros2_ws/ros2_maze_generator/install/maze_generator/share/ament_index/resource_index/parent_prefix_path/maze_generator
[11.227s] -- Installing: /root/ros2_ws/ros2_maze_generator/install/maze_generator/share/maze_generator/environment/ament_prefix_path.sh
[11.227s] -- Installing: /root/ros2_ws/ros2_maze_generator/install/maze_generator/share/maze_generator/environment/ament_prefix_path.dsv
[11.228s] -- Installing: /root/ros2_ws/ros2_maze_generator/install/maze_generator/share/maze_generator/environment/path.sh
[11.228s] -- Installing: /root/ros2_ws/ros2_maze_generator/install/maze_generator/share/maze_generator/environment/path.dsv
[11.229s] -- Installing: /root/ros2_ws/ros2_maze_generator/install/maze_generator/share/maze_generator/local_setup.bash
[11.230s] -- Installing: /root/ros2_ws/ros2_maze_generator/install/maze_generator/share/maze_generator/local_setup.sh
[11.230s] -- Installing: /root/ros2_ws/ros2_maze_generator/install/maze_generator/share/maze_generator/local_setup.zsh
[11.230s] -- Installing: /root/ros2_ws/ros2_maze_generator/install/maze_generator/share/maze_generator/local_setup.dsv
[11.230s] -- Installing: /root/ros2_ws/ros2_maze_generator/install/maze_generator/share/maze_generator/package.dsv
[11.231s] -- Installing: /root/ros2_ws/ros2_maze_generator/install/maze_generator/share/ament_index/resource_index/packages/maze_generator
[11.232s] -- Installing: /root/ros2_ws/ros2_maze_generator/install/maze_generator/share/maze_generator/cmake/maze_generatorConfig.cmake
[11.232s] -- Installing: /root/ros2_ws/ros2_maze_generator/install/maze_generator/share/maze_generator/cmake/maze_generatorConfig-version.cmake
[11.232s] -- Installing: /root/ros2_ws/ros2_maze_generator/install/maze_generator/share/maze_generator/package.xml
[11.236s] Invoked command in '/root/ros2_ws/ros2_maze_generator/build/maze_generator' returned '0': CMAKE_PREFIX_PATH=${CMAKE_PREFIX_PATH}:/opt/ros/jazzy /usr/bin/cmake --install /root/ros2_ws/ros2_maze_generator/build/maze_generator
